d:\azure_rtos\guix_studio_6.0\examples\demo_guix_smart_watch\build\vs_2019\debug\vc142.pdb
d:\azure_rtos\guix_studio_6.0\examples\demo_guix_smart_watch\build\vs_2019\debug\vc142.idb
d:\azure_rtos\guix_studio_6.0\examples\demo_guix_smart_watch\build\vs_2019\debug\weather.obj
d:\azure_rtos\guix_studio_6.0\examples\demo_guix_smart_watch\build\vs_2019\debug\stopwatch.obj
d:\azure_rtos\guix_studio_6.0\examples\demo_guix_smart_watch\build\vs_2019\debug\settings.obj
d:\azure_rtos\guix_studio_6.0\examples\demo_guix_smart_watch\build\vs_2019\debug\message.obj
d:\azure_rtos\guix_studio_6.0\examples\demo_guix_smart_watch\build\vs_2019\debug\map.obj
d:\azure_rtos\guix_studio_6.0\examples\demo_guix_smart_watch\build\vs_2019\debug\keyboard.obj
d:\azure_rtos\guix_studio_6.0\examples\demo_guix_smart_watch\build\vs_2019\debug\healthy.obj
d:\azure_rtos\guix_studio_6.0\examples\demo_guix_smart_watch\build\vs_2019\debug\guix_smart_watch_specifications.obj
d:\azure_rtos\guix_studio_6.0\examples\demo_guix_smart_watch\build\vs_2019\debug\guix_smart_watch_resources.obj
d:\azure_rtos\guix_studio_6.0\examples\demo_guix_smart_watch\build\vs_2019\debug\game.obj
d:\azure_rtos\guix_studio_6.0\examples\demo_guix_smart_watch\build\vs_2019\debug\expression_evaluate.obj
d:\azure_rtos\guix_studio_6.0\examples\demo_guix_smart_watch\build\vs_2019\debug\demo_guix_smart_watch.obj
d:\azure_rtos\guix_studio_6.0\examples\demo_guix_smart_watch\build\vs_2019\debug\custom_pixelmap_button_draw.obj
d:\azure_rtos\guix_studio_6.0\examples\demo_guix_smart_watch\build\vs_2019\debug\custom_checkbox.obj
d:\azure_rtos\guix_studio_6.0\examples\demo_guix_smart_watch\build\vs_2019\debug\contact_info.obj
d:\azure_rtos\guix_studio_6.0\examples\demo_guix_smart_watch\build\vs_2019\debug\contact.obj
d:\azure_rtos\guix_studio_6.0\examples\demo_guix_smart_watch\build\vs_2019\debug\clock_add.obj
d:\azure_rtos\guix_studio_6.0\examples\demo_guix_smart_watch\build\vs_2019\debug\clock.obj
d:\azure_rtos\guix_studio_6.0\examples\demo_guix_smart_watch\build\vs_2019\debug\calculator.obj
d:\azure_rtos\guix_studio_6.0\examples\demo_guix_smart_watch\build\vs_2019\debug\alarm.obj
d:\azure_rtos\guix_studio_6.0\examples\demo_guix_smart_watch\build\vs_2019\debug\demo_guix_smart_watch.ilk
d:\azure_rtos\guix_studio_6.0\examples\demo_guix_smart_watch\build\vs_2019\debug\demo_guix_smart_watch.exe
d:\azure_rtos\guix_studio_6.0\examples\demo_guix_smart_watch\build\vs_2019\debug\demo_guix_smart_watch.pdb
d:\azure_rtos\guix_studio_6.0\examples\demo_guix_smart_watch\build\vs_2019\debug\demo_gui.3413c217.tlog\cl.command.1.tlog
d:\azure_rtos\guix_studio_6.0\examples\demo_guix_smart_watch\build\vs_2019\debug\demo_gui.3413c217.tlog\cl.read.1.tlog
d:\azure_rtos\guix_studio_6.0\examples\demo_guix_smart_watch\build\vs_2019\debug\demo_gui.3413c217.tlog\cl.write.1.tlog
d:\azure_rtos\guix_studio_6.0\examples\demo_guix_smart_watch\build\vs_2019\debug\demo_gui.3413c217.tlog\link.command.1.tlog
d:\azure_rtos\guix_studio_6.0\examples\demo_guix_smart_watch\build\vs_2019\debug\demo_gui.3413c217.tlog\link.read.1.tlog
d:\azure_rtos\guix_studio_6.0\examples\demo_guix_smart_watch\build\vs_2019\debug\demo_gui.3413c217.tlog\link.write.1.tlog
